<?xml version="1.0" encoding="UTF-8"?>
<!-- Generated by org.testng.reporters.JUnitReportReporter -->
<testsuite hostname="LAPTOP-OL1UFPQJ" name="com.qa.tests.DemoTest" tests="5" failures="0" timestamp="1 Mar 2018 21:56:19 GMT" time="0.028" errors="0">
  <testcase name="mul" time="0.000" classname="com.qa.tests.DemoTest"/>
  <testcase name="println" time="0.001" classname="com.qa.tests.DemoTest"/>
  <testcase name="sub" time="0.000" classname="com.qa.tests.DemoTest"/>
  <testcase name="sum" time="0.000" classname="com.qa.tests.DemoTest"/>
  <testcase name="div" time="0.027" classname="com.qa.tests.DemoTest"/>
</testsuite> <!-- com.qa.tests.DemoTest -->
