<?xml version="1.0" encoding="UTF-8"?>
<!-- Generated by org.testng.reporters.JUnitReportReporter -->
<testsuite hostname="LAPTOP-OL1UFPQJ" name="com.qa.tests.DemoTest3" tests="1" failures="0" timestamp="1 Mar 2018 21:56:19 GMT" time="0.000" errors="0">
  <testcase name="method1" time="0.000" classname="com.qa.tests.DemoTest3"/>
</testsuite> <!-- com.qa.tests.DemoTest3 -->
